1547351983 FATAL myCat : this is an emerg message
1547351983 FATAL myCat : this is an fatal message
1547351983 ALERT myCat : this is an alert message
1547351983 ERROR myCat : this is an error message
1547351983 INFO myCat : this is an info message
1547351983 CRIT myCat : this is an crit message
1547351983 DEBUG myCat : this is an debug message
1547352105 FATAL myCat : this is an emerg message
1547352105 FATAL myCat : this is an fatal message
1547352105 ALERT myCat : this is an alert message
1547352105 ERROR myCat : this is an error message
1547352105 CRIT myCat : this is an crit message
1547352238 FATAL myCat : this is an emerg message
1547352238 FATAL myCat : this is an fatal message
1547352238 ALERT myCat : this is an alert message
1547352238 ERROR myCat : this is an error message
1547352238 INFO myCat : this is an info message
1547352238 CRIT myCat : this is an crit message
1547352238 DEBUG myCat : this is an debug message
1547352238 NOTICE myCat : this is an notice message
1547352238 WARN myCat : this is an warn message
1547352262 FATAL myCat : this is an emerg message
1547352262 FATAL myCat : this is an fatal message
1547352262 ALERT myCat : this is an alert message
1547352262 ERROR myCat : this is an error message
1547352262 CRIT myCat : this is an crit message
1547353023 FATAL myCat : this is an emerg message
1547353023 FATAL myCat : this is an fatal message
1547353023 ALERT myCat : this is an alert message
1547353023 ERROR myCat : this is an error message
1547353023 CRIT myCat : this is an crit message
1547353172 FATAL myCat : this is an emerg message
1547353172 FATAL myCat : this is an fatal message
1547353172 ALERT myCat : this is an alert message
1547353172 ERROR myCat : this is an error message
1547353172 CRIT myCat : this is an crit message
