1547353217 FATAL myCat : this is an fatal message
1547353217 ALERT myCat : this is an alert message
1547353217 ERROR myCat : this is an error message
1547353217 CRIT myCat : this is an crit message
1547353217 FATAL myCat : this is an emerg message
1547353217 FATAL myCat : this is an fatal message
1547353217 ALERT myCat : this is an alert message
1547353217 ERROR myCat : this is an error message
1547353217 CRIT myCat : this is an crit message
1547353217 FATAL myCat : this is an emerg message
1547353217 FATAL myCat : this is an fatal message
1547353217 ALERT myCat : this is an alert message
1547353217 ERROR myCat : this is an error message
1547353217 CRIT myCat : this is an crit message
1547353217 FATAL myCat : this is an emerg message
1547353217 FATAL myCat : this is an fatal message
1547353217 ALERT myCat : this is an alert message
1547353217 ERROR myCat : this is an error message
1547353217 CRIT myCat : this is an crit message
1547353217 FATAL myCat : this is an emerg message
1547353217 FATAL myCat : this is an fatal message
1547353217 ALERT myCat : this is an alert message
1547353217 ERROR myCat : this is an error message
1547353217 CRIT myCat : this is an crit message
1547353217 FATAL myCat : this is an emerg message
1547353217 FATAL myCat : this is an fatal message
1547353217 ALERT myCat : this is an alert message
1547353217 ERROR myCat : this is an error message
1547353217 CRIT myCat : this is an crit message
1547353217 FATAL myCat : this is an emerg message
1547353217 FATAL myCat : this is an fatal message
1547353217 ALERT myCat : this is an alert message
1547353217 ERROR myCat : this is an error message
1547353217 CRIT myCat : this is an crit message
1547353217 FATAL myCat : this is an emerg message
1547353217 FATAL myCat : this is an fatal message
1547353217 ALERT myCat : this is an alert message
1547353217 ERROR myCat : this is an error message
1547353217 CRIT myCat : this is an crit message
1547353217 FATAL myCat : this is an emerg message
1547353217 FATAL myCat : this is an fatal message
1547353217 ALERT myCat : this is an alert message
1547353217 ERROR myCat : this is an error message
1547353217 CRIT myCat : this is an crit message
1547353217 FATAL myCat : this is an emerg message
1547353217 FATAL myCat : this is an fatal message
1547353217 ALERT myCat : this is an alert message
1547353217 ERROR myCat : this is an error message
1547353217 CRIT myCat : this is an crit message
1547353217 FATAL myCat : this is an emerg message
1547353217 FATAL myCat : this is an fatal message
1547353217 ALERT myCat : this is an alert message
1547353217 ERROR myCat : this is an error message
1547353217 CRIT myCat : this is an crit message
1547353217 FATAL myCat : this is an emerg message
1547353217 FATAL myCat : this is an fatal message
1547353217 ALERT myCat : this is an alert message
1547353217 ERROR myCat : this is an error message
1547353217 CRIT myCat : this is an crit message
1547353217 FATAL myCat : this is an emerg message
1547353217 FATAL myCat : this is an fatal message
1547353217 ALERT myCat : this is an alert message
1547353217 ERROR myCat : this is an error message
1547353217 CRIT myCat : this is an crit message
1547353217 FATAL myCat : this is an emerg message
1547353217 FATAL myCat : this is an fatal message
1547353217 ALERT myCat : this is an alert message
1547353217 ERROR myCat : this is an error message
1547353217 CRIT myCat : this is an crit message
1547353217 FATAL myCat : this is an emerg message
1547353217 FATAL myCat : this is an fatal message
1547353217 ALERT myCat : this is an alert message
1547353217 ERROR myCat : this is an error message
1547353217 CRIT myCat : this is an crit message
1547353217 FATAL myCat : this is an emerg message
1547353217 FATAL myCat : this is an fatal message
1547353217 ALERT myCat : this is an alert message
1547353217 ERROR myCat : this is an error message
1547353217 CRIT myCat : this is an crit message
1547353217 FATAL myCat : this is an emerg message
1547353217 FATAL myCat : this is an fatal message
1547353217 ALERT myCat : this is an alert message
1547353217 ERROR myCat : this is an error message
1547353217 CRIT myCat : this is an crit message
